Analysis & Synthesis report for lab8
Mon Dec 18 17:10:22 2023
Quartus II 64-Bit Version 13.1.0 Build 162 10/23/2013 SJ Web Edition


---------------------
; Table of Contents ;
---------------------
  1. Legal Notice
  2. Analysis & Synthesis Summary
  3. Analysis & Synthesis Settings
  4. Parallel Compilation
  5. Analysis & Synthesis Source Files Read
  6. Analysis & Synthesis Resource Usage Summary
  7. Analysis & Synthesis Resource Utilization by Entity
  8. User-Specified and Inferred Latches
  9. Registers Removed During Synthesis
 10. General Register Statistics
 11. Inverted Register Statistics
 12. Multiplexer Restructuring Statistics (Restructuring Performed)
 13. Parameter Settings for User Entity Instance: memory:Step5
 14. Elapsed Time Per Partition
 15. Analysis & Synthesis Messages



----------------
; Legal Notice ;
----------------
Copyright (C) 1991-2013 Altera Corporation
Your use of Altera Corporation's design tools, logic functions 
and other software and tools, and its AMPP partner logic 
functions, and any output files from any of the foregoing 
(including device programming or simulation files), and any 
associated documentation or information are expressly subject 
to the terms and conditions of the Altera Program License 
Subscription Agreement, Altera MegaCore Function License 
Agreement, or other applicable license agreement, including, 
without limitation, that your use is for the sole purpose of 
programming logic devices manufactured by Altera and sold by 
Altera or its authorized distributors.  Please refer to the 
applicable agreement for further details.



+------------------------------------------------------------------------------+
; Analysis & Synthesis Summary                                                 ;
+---------------------------------+--------------------------------------------+
; Analysis & Synthesis Status     ; Successful - Mon Dec 18 17:10:21 2023      ;
; Quartus II 64-Bit Version       ; 13.1.0 Build 162 10/23/2013 SJ Web Edition ;
; Revision Name                   ; lab8                                       ;
; Top-level Entity Name           ; wrapper                                    ;
; Family                          ; Cyclone V                                  ;
; Logic utilization (in ALMs)     ; N/A                                        ;
; Total registers                 ; 1106                                       ;
; Total pins                      ; 97                                         ;
; Total virtual pins              ; 0                                          ;
; Total block memory bits         ; 0                                          ;
; Total DSP Blocks                ; 0                                          ;
; Total HSSI RX PCSs              ; 0                                          ;
; Total HSSI PMA RX Deserializers ; 0                                          ;
; Total HSSI TX PCSs              ; 0                                          ;
; Total HSSI TX Channels          ; 0                                          ;
; Total PLLs                      ; 0                                          ;
; Total DLLs                      ; 0                                          ;
+---------------------------------+--------------------------------------------+


+---------------------------------------------------------------------------------------------------------------------------+
; Analysis & Synthesis Settings                                                                                             ;
+---------------------------------------------------------------------------------+--------------------+--------------------+
; Option                                                                          ; Setting            ; Default Value      ;
+---------------------------------------------------------------------------------+--------------------+--------------------+
; Device                                                                          ; 5CSEMA5F31C6       ;                    ;
; Top-level entity name                                                           ; wrapper            ; lab8               ;
; Family name                                                                     ; Cyclone V          ; Cyclone IV GX      ;
; Use smart compilation                                                           ; Off                ; Off                ;
; Enable parallel Assembler and TimeQuest Timing Analyzer during compilation      ; On                 ; On                 ;
; Enable compact report table                                                     ; Off                ; Off                ;
; Restructure Multiplexers                                                        ; Auto               ; Auto               ;
; MLAB Add Timing Constraints For Mixed-Port Feed-Through Mode Setting Don't Care ; Off                ; Off                ;
; Create Debugging Nodes for IP Cores                                             ; Off                ; Off                ;
; Preserve fewer node names                                                       ; On                 ; On                 ;
; Disable OpenCore Plus hardware evaluation                                       ; Off                ; Off                ;
; Verilog Version                                                                 ; Verilog_2001       ; Verilog_2001       ;
; VHDL Version                                                                    ; VHDL_1993          ; VHDL_1993          ;
; State Machine Processing                                                        ; Auto               ; Auto               ;
; Safe State Machine                                                              ; Off                ; Off                ;
; Extract Verilog State Machines                                                  ; On                 ; On                 ;
; Extract VHDL State Machines                                                     ; On                 ; On                 ;
; Ignore Verilog initial constructs                                               ; Off                ; Off                ;
; Iteration limit for constant Verilog loops                                      ; 5000               ; 5000               ;
; Iteration limit for non-constant Verilog loops                                  ; 250                ; 250                ;
; Add Pass-Through Logic to Inferred RAMs                                         ; On                 ; On                 ;
; Infer RAMs from Raw Logic                                                       ; On                 ; On                 ;
; Parallel Synthesis                                                              ; On                 ; On                 ;
; DSP Block Balancing                                                             ; Auto               ; Auto               ;
; NOT Gate Push-Back                                                              ; On                 ; On                 ;
; Power-Up Don't Care                                                             ; On                 ; On                 ;
; Remove Redundant Logic Cells                                                    ; Off                ; Off                ;
; Remove Duplicate Registers                                                      ; On                 ; On                 ;
; Ignore CARRY Buffers                                                            ; Off                ; Off                ;
; Ignore CASCADE Buffers                                                          ; Off                ; Off                ;
; Ignore GLOBAL Buffers                                                           ; Off                ; Off                ;
; Ignore ROW GLOBAL Buffers                                                       ; Off                ; Off                ;
; Ignore LCELL Buffers                                                            ; Off                ; Off                ;
; Ignore SOFT Buffers                                                             ; On                 ; On                 ;
; Limit AHDL Integers to 32 Bits                                                  ; Off                ; Off                ;
; Optimization Technique                                                          ; Balanced           ; Balanced           ;
; Carry Chain Length                                                              ; 70                 ; 70                 ;
; Auto Carry Chains                                                               ; On                 ; On                 ;
; Auto Open-Drain Pins                                                            ; On                 ; On                 ;
; Perform WYSIWYG Primitive Resynthesis                                           ; Off                ; Off                ;
; Auto ROM Replacement                                                            ; On                 ; On                 ;
; Auto RAM Replacement                                                            ; On                 ; On                 ;
; Auto DSP Block Replacement                                                      ; On                 ; On                 ;
; Auto Shift Register Replacement                                                 ; Auto               ; Auto               ;
; Allow Shift Register Merging across Hierarchies                                 ; Auto               ; Auto               ;
; Auto Clock Enable Replacement                                                   ; On                 ; On                 ;
; Strict RAM Replacement                                                          ; Off                ; Off                ;
; Allow Synchronous Control Signals                                               ; On                 ; On                 ;
; Force Use of Synchronous Clear Signals                                          ; Off                ; Off                ;
; Auto Resource Sharing                                                           ; Off                ; Off                ;
; Allow Any RAM Size For Recognition                                              ; Off                ; Off                ;
; Allow Any ROM Size For Recognition                                              ; Off                ; Off                ;
; Allow Any Shift Register Size For Recognition                                   ; Off                ; Off                ;
; Use LogicLock Constraints during Resource Balancing                             ; On                 ; On                 ;
; Ignore translate_off and synthesis_off directives                               ; Off                ; Off                ;
; Timing-Driven Synthesis                                                         ; On                 ; On                 ;
; Report Parameter Settings                                                       ; On                 ; On                 ;
; Report Source Assignments                                                       ; On                 ; On                 ;
; Report Connectivity Checks                                                      ; On                 ; On                 ;
; Ignore Maximum Fan-Out Assignments                                              ; Off                ; Off                ;
; Synchronization Register Chain Length                                           ; 3                  ; 3                  ;
; PowerPlay Power Optimization                                                    ; Normal compilation ; Normal compilation ;
; HDL message level                                                               ; Level2             ; Level2             ;
; Suppress Register Optimization Related Messages                                 ; Off                ; Off                ;
; Number of Removed Registers Reported in Synthesis Report                        ; 5000               ; 5000               ;
; Number of Swept Nodes Reported in Synthesis Report                              ; 5000               ; 5000               ;
; Number of Inverted Registers Reported in Synthesis Report                       ; 100                ; 100                ;
; Clock MUX Protection                                                            ; On                 ; On                 ;
; Auto Gated Clock Conversion                                                     ; Off                ; Off                ;
; Block Design Naming                                                             ; Auto               ; Auto               ;
; SDC constraint protection                                                       ; Off                ; Off                ;
; Synthesis Effort                                                                ; Auto               ; Auto               ;
; Shift Register Replacement - Allow Asynchronous Clear Signal                    ; On                 ; On                 ;
; Pre-Mapping Resynthesis Optimization                                            ; Off                ; Off                ;
; Analysis & Synthesis Message Level                                              ; Medium             ; Medium             ;
; Disable Register Merging Across Hierarchies                                     ; Auto               ; Auto               ;
; Resource Aware Inference For Block RAM                                          ; On                 ; On                 ;
; Synthesis Seed                                                                  ; 1                  ; 1                  ;
; Automatic Parallel Synthesis                                                    ; On                 ; On                 ;
+---------------------------------------------------------------------------------+--------------------+--------------------+


Parallel compilation was disabled, but you have multiple processors available. Enable parallel compilation to reduce compilation time.
+-------------------------------------+
; Parallel Compilation                ;
+----------------------------+--------+
; Processors                 ; Number ;
+----------------------------+--------+
; Number detected on machine ; 6      ;
; Maximum allowed            ; 1      ;
+----------------------------+--------+


+------------------------------------------------------------------------------------------------------------------------+
; Analysis & Synthesis Source Files Read                                                                                 ;
+----------------------------------+-----------------+-----------------+---------------------------------------+---------+
; File Name with User-Entered Path ; Used in Netlist ; File Type       ; File Name with Absolute Path          ; Library ;
+----------------------------------+-----------------+-----------------+---------------------------------------+---------+
; decode.vhd                       ; yes             ; User VHDL File  ; D:/FA21BCE006/Lab11/decode.vhd        ;         ;
; fetch.vhd                        ; yes             ; User VHDL File  ; D:/FA21BCE006/Lab11/fetch.vhd         ;         ;
; my_components.vhd                ; yes             ; User VHDL File  ; D:/FA21BCE006/Lab11/my_components.vhd ;         ;
; wrapper.vhd                      ; yes             ; User VHDL File  ; D:/FA21BCE006/Lab11/wrapper.vhd       ;         ;
; control.vhd                      ; yes             ; User VHDL File  ; D:/FA21BCE006/Lab11/control.vhd       ;         ;
; memory.vhd                       ; yes             ; User VHDL File  ; D:/FA21BCE006/Lab11/memory.vhd        ;         ;
; execute.vhd                      ; yes             ; User VHDL File  ; D:/FA21BCE006/Lab11/execute.vhd       ;         ;
+----------------------------------+-----------------+-----------------+---------------------------------------+---------+


+---------------------------------------------------------------+
; Analysis & Synthesis Resource Usage Summary                   ;
+---------------------------------------------+-----------------+
; Resource                                    ; Usage           ;
+---------------------------------------------+-----------------+
; Estimate of Logic utilization (ALMs needed) ; 1511            ;
;                                             ;                 ;
; Combinational ALUT usage for logic          ; 1975            ;
;     -- 7 input functions                    ; 0               ;
;     -- 6 input functions                    ; 944             ;
;     -- 5 input functions                    ; 68              ;
;     -- 4 input functions                    ; 159             ;
;     -- <=3 input functions                  ; 804             ;
;                                             ;                 ;
; Dedicated logic registers                   ; 1106            ;
;                                             ;                 ;
; I/O pins                                    ; 97              ;
; Total DSP Blocks                            ; 0               ;
; Maximum fan-out node                        ; TOP_reset~input ;
; Maximum fan-out                             ; 1132            ;
; Total fan-out                               ; 13445           ;
; Average fan-out                             ; 4.11            ;
+---------------------------------------------+-----------------+


+--------------------------------------------------------------------------------------------------------------------------------------------------------------+
; Analysis & Synthesis Resource Utilization by Entity                                                                                                          ;
+----------------------------+-------------------+--------------+-------------------+------------+------+--------------+------------------------+--------------+
; Compilation Hierarchy Node ; LC Combinationals ; LC Registers ; Block Memory Bits ; DSP Blocks ; Pins ; Virtual Pins ; Full Hierarchy Name    ; Library Name ;
+----------------------------+-------------------+--------------+-------------------+------------+------+--------------+------------------------+--------------+
; |wrapper                   ; 1975 (374)        ; 1106 (30)    ; 0                 ; 0          ; 97   ; 0            ; |wrapper               ; work         ;
;    |control:Step3|         ; 7 (7)             ; 0 (0)        ; 0                 ; 0          ; 0    ; 0            ; |wrapper|control:Step3 ; work         ;
;    |decode:Step2|          ; 661 (661)         ; 1024 (1024)  ; 0                 ; 0          ; 0    ; 0            ; |wrapper|decode:Step2  ; work         ;
;    |execute:Step4|         ; 150 (150)         ; 0 (0)        ; 0                 ; 0          ; 0    ; 0            ; |wrapper|execute:Step4 ; work         ;
;    |fetch:Step1|           ; 79 (79)           ; 52 (52)      ; 0                 ; 0          ; 0    ; 0            ; |wrapper|fetch:Step1   ; work         ;
;    |memory:Step5|          ; 704 (704)         ; 0 (0)        ; 0                 ; 0          ; 0    ; 0            ; |wrapper|memory:Step5  ; work         ;
+----------------------------+-------------------+--------------+-------------------+------------+------+--------------+------------------------+--------------+
Note: For table entries with two numbers listed, the numbers in parentheses indicate the number of resources of the given type used by the specific entity alone. The numbers listed outside of parentheses indicate the total resources of the given type used by the specific entity and all of its sub-entities in the hierarchy.


+--------------------------------------------------------------------------------------------------------+
; User-Specified and Inferred Latches                                                                    ;
+------------------------------------------------------+------------------------+------------------------+
; Latch Name                                           ; Latch Enable Signal    ; Free of Timing Hazards ;
+------------------------------------------------------+------------------------+------------------------+
; memory:Step5|\datamem_Read:readData[0]               ; control:Step3|MemToReg ; yes                    ;
; memory:Step5|\datamem_Read:readData[1]               ; control:Step3|MemToReg ; yes                    ;
; memory:Step5|\datamem_Read:readData[2]               ; control:Step3|MemToReg ; yes                    ;
; memory:Step5|\datamem_Read:readData[3]               ; control:Step3|MemToReg ; yes                    ;
; memory:Step5|\datamem_Read:readData[4]               ; control:Step3|MemToReg ; yes                    ;
; memory:Step5|\datamem_Read:readData[5]               ; control:Step3|MemToReg ; yes                    ;
; memory:Step5|\datamem_Read:readData[6]               ; control:Step3|MemToReg ; yes                    ;
; memory:Step5|\datamem_Read:readData[7]               ; control:Step3|MemToReg ; yes                    ;
; memory:Step5|\datamem_Read:readData[8]               ; control:Step3|MemToReg ; yes                    ;
; memory:Step5|\datamem_Read:readData[9]               ; control:Step3|MemToReg ; yes                    ;
; memory:Step5|\datamem_Read:readData[10]              ; control:Step3|MemToReg ; yes                    ;
; memory:Step5|\datamem_Read:readData[11]              ; control:Step3|MemToReg ; yes                    ;
; memory:Step5|\datamem_Read:readData[12]              ; control:Step3|MemToReg ; yes                    ;
; memory:Step5|\datamem_Read:readData[13]              ; control:Step3|MemToReg ; yes                    ;
; memory:Step5|\datamem_Read:readData[14]              ; control:Step3|MemToReg ; yes                    ;
; memory:Step5|\datamem_Read:readData[15]              ; control:Step3|MemToReg ; yes                    ;
; memory:Step5|\datamem_Read:readData[16]              ; control:Step3|MemToReg ; yes                    ;
; memory:Step5|\datamem_Read:readData[17]              ; control:Step3|MemToReg ; yes                    ;
; memory:Step5|\datamem_Read:readData[18]              ; control:Step3|MemToReg ; yes                    ;
; memory:Step5|\datamem_Read:readData[19]              ; control:Step3|MemToReg ; yes                    ;
; memory:Step5|\datamem_Read:readData[20]              ; control:Step3|MemToReg ; yes                    ;
; memory:Step5|\datamem_Read:readData[21]              ; control:Step3|MemToReg ; yes                    ;
; memory:Step5|\datamem_Read:readData[22]              ; control:Step3|MemToReg ; yes                    ;
; memory:Step5|\datamem_Read:readData[23]              ; control:Step3|MemToReg ; yes                    ;
; memory:Step5|\datamem_Read:readData[24]              ; control:Step3|MemToReg ; yes                    ;
; memory:Step5|\datamem_Read:readData[25]              ; control:Step3|MemToReg ; yes                    ;
; memory:Step5|\datamem_Read:readData[26]              ; control:Step3|MemToReg ; yes                    ;
; memory:Step5|\datamem_Read:readData[27]              ; control:Step3|MemToReg ; yes                    ;
; memory:Step5|\datamem_Read:readData[28]              ; control:Step3|MemToReg ; yes                    ;
; memory:Step5|\datamem_Read:readData[29]              ; control:Step3|MemToReg ; yes                    ;
; memory:Step5|\datamem_Read:readData[30]              ; control:Step3|MemToReg ; yes                    ;
; memory:Step5|\datamem_Read:readData[31]              ; control:Step3|MemToReg ; yes                    ;
; memory:Step5|data_memory~0                           ; rtl~0                  ; yes                    ;
; memory:Step5|data_memory~128                         ; rtl~1                  ; yes                    ;
; memory:Step5|data_memory~256                         ; rtl~2                  ; yes                    ;
; memory:Step5|data_memory~384                         ; rtl~3                  ; yes                    ;
; memory:Step5|data_memory~32                          ; rtl~4                  ; yes                    ;
; memory:Step5|data_memory~160                         ; rtl~5                  ; yes                    ;
; memory:Step5|data_memory~288                         ; rtl~6                  ; yes                    ;
; memory:Step5|data_memory~416                         ; rtl~7                  ; yes                    ;
; memory:Step5|data_memory~64                          ; rtl~8                  ; yes                    ;
; memory:Step5|data_memory~192                         ; rtl~9                  ; yes                    ;
; memory:Step5|data_memory~320                         ; rtl~10                 ; yes                    ;
; memory:Step5|data_memory~448                         ; rtl~11                 ; yes                    ;
; memory:Step5|data_memory~96                          ; rtl~12                 ; yes                    ;
; memory:Step5|data_memory~224                         ; rtl~13                 ; yes                    ;
; memory:Step5|data_memory~352                         ; rtl~14                 ; yes                    ;
; memory:Step5|data_memory~480                         ; rtl~15                 ; yes                    ;
; memory:Step5|data_memory~1                           ; rtl~0                  ; yes                    ;
; memory:Step5|data_memory~33                          ; rtl~4                  ; yes                    ;
; memory:Step5|data_memory~65                          ; rtl~8                  ; yes                    ;
; memory:Step5|data_memory~97                          ; rtl~12                 ; yes                    ;
; memory:Step5|data_memory~129                         ; rtl~1                  ; yes                    ;
; memory:Step5|data_memory~161                         ; rtl~5                  ; yes                    ;
; memory:Step5|data_memory~193                         ; rtl~9                  ; yes                    ;
; memory:Step5|data_memory~225                         ; rtl~13                 ; yes                    ;
; memory:Step5|data_memory~257                         ; rtl~2                  ; yes                    ;
; memory:Step5|data_memory~289                         ; rtl~6                  ; yes                    ;
; memory:Step5|data_memory~321                         ; rtl~10                 ; yes                    ;
; memory:Step5|data_memory~353                         ; rtl~14                 ; yes                    ;
; memory:Step5|data_memory~385                         ; rtl~3                  ; yes                    ;
; memory:Step5|data_memory~417                         ; rtl~7                  ; yes                    ;
; memory:Step5|data_memory~449                         ; rtl~11                 ; yes                    ;
; memory:Step5|data_memory~481                         ; rtl~15                 ; yes                    ;
; memory:Step5|data_memory~2                           ; rtl~0                  ; yes                    ;
; memory:Step5|data_memory~130                         ; rtl~1                  ; yes                    ;
; memory:Step5|data_memory~258                         ; rtl~2                  ; yes                    ;
; memory:Step5|data_memory~386                         ; rtl~3                  ; yes                    ;
; memory:Step5|data_memory~34                          ; rtl~4                  ; yes                    ;
; memory:Step5|data_memory~162                         ; rtl~5                  ; yes                    ;
; memory:Step5|data_memory~290                         ; rtl~6                  ; yes                    ;
; memory:Step5|data_memory~418                         ; rtl~7                  ; yes                    ;
; memory:Step5|data_memory~66                          ; rtl~8                  ; yes                    ;
; memory:Step5|data_memory~194                         ; rtl~9                  ; yes                    ;
; memory:Step5|data_memory~322                         ; rtl~10                 ; yes                    ;
; memory:Step5|data_memory~450                         ; rtl~11                 ; yes                    ;
; memory:Step5|data_memory~98                          ; rtl~12                 ; yes                    ;
; memory:Step5|data_memory~226                         ; rtl~13                 ; yes                    ;
; memory:Step5|data_memory~354                         ; rtl~14                 ; yes                    ;
; memory:Step5|data_memory~482                         ; rtl~15                 ; yes                    ;
; memory:Step5|data_memory~3                           ; rtl~0                  ; yes                    ;
; memory:Step5|data_memory~35                          ; rtl~4                  ; yes                    ;
; memory:Step5|data_memory~67                          ; rtl~8                  ; yes                    ;
; memory:Step5|data_memory~99                          ; rtl~12                 ; yes                    ;
; memory:Step5|data_memory~131                         ; rtl~1                  ; yes                    ;
; memory:Step5|data_memory~163                         ; rtl~5                  ; yes                    ;
; memory:Step5|data_memory~195                         ; rtl~9                  ; yes                    ;
; memory:Step5|data_memory~227                         ; rtl~13                 ; yes                    ;
; memory:Step5|data_memory~259                         ; rtl~2                  ; yes                    ;
; memory:Step5|data_memory~291                         ; rtl~6                  ; yes                    ;
; memory:Step5|data_memory~323                         ; rtl~10                 ; yes                    ;
; memory:Step5|data_memory~355                         ; rtl~14                 ; yes                    ;
; memory:Step5|data_memory~387                         ; rtl~3                  ; yes                    ;
; memory:Step5|data_memory~419                         ; rtl~7                  ; yes                    ;
; memory:Step5|data_memory~451                         ; rtl~11                 ; yes                    ;
; memory:Step5|data_memory~483                         ; rtl~15                 ; yes                    ;
; memory:Step5|data_memory~4                           ; rtl~0                  ; yes                    ;
; memory:Step5|data_memory~132                         ; rtl~1                  ; yes                    ;
; memory:Step5|data_memory~260                         ; rtl~2                  ; yes                    ;
; memory:Step5|data_memory~388                         ; rtl~3                  ; yes                    ;
; Number of user-specified and inferred latches = 544  ;                        ;                        ;
+------------------------------------------------------+------------------------+------------------------+
Table restricted to first 100 entries. Note: All latches listed above may not be present at the end of synthesis due to various synthesis optimizations.


+----------------------------------------------------------------------------------+
; Registers Removed During Synthesis                                               ;
+----------------------------------------+-----------------------------------------+
; Register name                          ; Reason for Removal                      ;
+----------------------------------------+-----------------------------------------+
; fetch:Step1|PC_out[0]                  ; Merged with fetch:Step1|PC[0]           ;
; fetch:Step1|PC_out[1]                  ; Merged with fetch:Step1|PC[1]           ;
; fetch:Step1|PC_out[2]                  ; Merged with fetch:Step1|PC[2]           ;
; fetch:Step1|PC_out[3]                  ; Merged with fetch:Step1|PC[3]           ;
; fetch:Step1|PC_out[31]                 ; Merged with fetch:Step1|PC[31]          ;
; fetch:Step1|PC_out[30]                 ; Merged with fetch:Step1|PC[30]          ;
; fetch:Step1|PC_out[29]                 ; Merged with fetch:Step1|PC[29]          ;
; fetch:Step1|PC_out[28]                 ; Merged with fetch:Step1|PC[28]          ;
; fetch:Step1|PC_out[27]                 ; Merged with fetch:Step1|PC[27]          ;
; fetch:Step1|PC_out[26]                 ; Merged with fetch:Step1|PC[26]          ;
; fetch:Step1|PC_out[25]                 ; Merged with fetch:Step1|PC[25]          ;
; fetch:Step1|PC_out[24]                 ; Merged with fetch:Step1|PC[24]          ;
; fetch:Step1|PC_out[23]                 ; Merged with fetch:Step1|PC[23]          ;
; fetch:Step1|PC_out[22]                 ; Merged with fetch:Step1|PC[22]          ;
; fetch:Step1|PC_out[21]                 ; Merged with fetch:Step1|PC[21]          ;
; fetch:Step1|PC_out[20]                 ; Merged with fetch:Step1|PC[20]          ;
; fetch:Step1|PC_out[19]                 ; Merged with fetch:Step1|PC[19]          ;
; fetch:Step1|PC_out[18]                 ; Merged with fetch:Step1|PC[18]          ;
; fetch:Step1|PC_out[17]                 ; Merged with fetch:Step1|PC[17]          ;
; fetch:Step1|PC_out[16]                 ; Merged with fetch:Step1|PC[16]          ;
; fetch:Step1|PC_out[15]                 ; Merged with fetch:Step1|PC[15]          ;
; fetch:Step1|PC_out[14]                 ; Merged with fetch:Step1|PC[14]          ;
; fetch:Step1|PC_out[13]                 ; Merged with fetch:Step1|PC[13]          ;
; fetch:Step1|PC_out[12]                 ; Merged with fetch:Step1|PC[12]          ;
; fetch:Step1|PC_out[11]                 ; Merged with fetch:Step1|PC[11]          ;
; fetch:Step1|PC_out[10]                 ; Merged with fetch:Step1|PC[10]          ;
; fetch:Step1|PC_out[9]                  ; Merged with fetch:Step1|PC[9]           ;
; fetch:Step1|PC_out[8]                  ; Merged with fetch:Step1|PC[8]           ;
; fetch:Step1|PC_out[7]                  ; Merged with fetch:Step1|PC[7]           ;
; fetch:Step1|PC_out[6]                  ; Merged with fetch:Step1|PC[6]           ;
; fetch:Step1|PC_out[5]                  ; Merged with fetch:Step1|PC[5]           ;
; fetch:Step1|PC_out[4]                  ; Merged with fetch:Step1|PC[4]           ;
; fetch:Step1|instruction[0,25,30]       ; Stuck at GND due to stuck port data_in  ;
; fetch:Step1|instruction[4,6..9,15]     ; Merged with fetch:Step1|instruction[10] ;
; fetch:Step1|instruction[13]            ; Merged with fetch:Step1|instruction[12] ;
; fetch:Step1|instruction[31]            ; Merged with fetch:Step1|instruction[26] ;
; fetch:Step1|instruction[3]             ; Merged with fetch:Step1|instruction[28] ;
; count[30,31]                           ; Lost fanout                             ;
; Total Number of Removed Registers = 46 ;                                         ;
+----------------------------------------+-----------------------------------------+


+------------------------------------------------------+
; General Register Statistics                          ;
+----------------------------------------------+-------+
; Statistic                                    ; Value ;
+----------------------------------------------+-------+
; Total registers                              ; 1106  ;
; Number of registers using Synchronous Clear  ; 0     ;
; Number of registers using Synchronous Load   ; 0     ;
; Number of registers using Asynchronous Clear ; 1076  ;
; Number of registers using Asynchronous Load  ; 0     ;
; Number of registers using Clock Enable       ; 1024  ;
; Number of registers using Preset             ; 0     ;
+----------------------------------------------+-------+


+---------------------------------------------------+
; Inverted Register Statistics                      ;
+-----------------------------------------+---------+
; Inverted Register                       ; Fan out ;
+-----------------------------------------+---------+
; decode:Step2|RegFile[1][0]              ; 3       ;
; decode:Step2|RegFile[5][0]              ; 2       ;
; decode:Step2|RegFile[9][0]              ; 3       ;
; decode:Step2|RegFile[13][0]             ; 2       ;
; decode:Step2|RegFile[3][0]              ; 2       ;
; decode:Step2|RegFile[7][0]              ; 3       ;
; decode:Step2|RegFile[11][0]             ; 2       ;
; decode:Step2|RegFile[15][0]             ; 3       ;
; decode:Step2|RegFile[17][0]             ; 2       ;
; decode:Step2|RegFile[21][0]             ; 1       ;
; decode:Step2|RegFile[25][0]             ; 2       ;
; decode:Step2|RegFile[29][0]             ; 1       ;
; decode:Step2|RegFile[19][0]             ; 1       ;
; decode:Step2|RegFile[23][0]             ; 2       ;
; decode:Step2|RegFile[27][0]             ; 1       ;
; decode:Step2|RegFile[31][0]             ; 2       ;
; decode:Step2|RegFile[10][1]             ; 2       ;
; decode:Step2|RegFile[11][1]             ; 2       ;
; decode:Step2|RegFile[14][1]             ; 3       ;
; decode:Step2|RegFile[15][1]             ; 3       ;
; decode:Step2|RegFile[6][1]              ; 3       ;
; decode:Step2|RegFile[7][1]              ; 3       ;
; decode:Step2|RegFile[2][1]              ; 2       ;
; decode:Step2|RegFile[3][1]              ; 2       ;
; decode:Step2|RegFile[18][1]             ; 1       ;
; decode:Step2|RegFile[22][1]             ; 2       ;
; decode:Step2|RegFile[26][1]             ; 1       ;
; decode:Step2|RegFile[30][1]             ; 2       ;
; decode:Step2|RegFile[19][1]             ; 1       ;
; decode:Step2|RegFile[23][1]             ; 2       ;
; decode:Step2|RegFile[27][1]             ; 1       ;
; decode:Step2|RegFile[31][1]             ; 2       ;
; decode:Step2|RegFile[12][2]             ; 2       ;
; decode:Step2|RegFile[13][2]             ; 2       ;
; decode:Step2|RegFile[14][2]             ; 3       ;
; decode:Step2|RegFile[15][2]             ; 3       ;
; decode:Step2|RegFile[4][2]              ; 2       ;
; decode:Step2|RegFile[5][2]              ; 2       ;
; decode:Step2|RegFile[6][2]              ; 3       ;
; decode:Step2|RegFile[7][2]              ; 3       ;
; decode:Step2|RegFile[20][2]             ; 1       ;
; decode:Step2|RegFile[28][2]             ; 1       ;
; decode:Step2|RegFile[21][2]             ; 1       ;
; decode:Step2|RegFile[29][2]             ; 1       ;
; decode:Step2|RegFile[22][2]             ; 2       ;
; decode:Step2|RegFile[30][2]             ; 2       ;
; decode:Step2|RegFile[23][2]             ; 2       ;
; decode:Step2|RegFile[31][2]             ; 2       ;
; decode:Step2|RegFile[8][3]              ; 3       ;
; decode:Step2|RegFile[9][3]              ; 3       ;
; decode:Step2|RegFile[10][3]             ; 2       ;
; decode:Step2|RegFile[11][3]             ; 2       ;
; decode:Step2|RegFile[12][3]             ; 2       ;
; decode:Step2|RegFile[13][3]             ; 2       ;
; decode:Step2|RegFile[14][3]             ; 3       ;
; decode:Step2|RegFile[15][3]             ; 3       ;
; decode:Step2|RegFile[24][3]             ; 2       ;
; decode:Step2|RegFile[28][3]             ; 1       ;
; decode:Step2|RegFile[25][3]             ; 2       ;
; decode:Step2|RegFile[29][3]             ; 1       ;
; decode:Step2|RegFile[26][3]             ; 1       ;
; decode:Step2|RegFile[30][3]             ; 2       ;
; decode:Step2|RegFile[27][3]             ; 1       ;
; decode:Step2|RegFile[31][3]             ; 2       ;
; decode:Step2|RegFile[16][4]             ; 2       ;
; decode:Step2|RegFile[20][4]             ; 1       ;
; decode:Step2|RegFile[24][4]             ; 2       ;
; decode:Step2|RegFile[28][4]             ; 1       ;
; decode:Step2|RegFile[17][4]             ; 2       ;
; decode:Step2|RegFile[21][4]             ; 1       ;
; decode:Step2|RegFile[25][4]             ; 2       ;
; decode:Step2|RegFile[29][4]             ; 1       ;
; decode:Step2|RegFile[18][4]             ; 1       ;
; decode:Step2|RegFile[22][4]             ; 2       ;
; decode:Step2|RegFile[26][4]             ; 1       ;
; decode:Step2|RegFile[30][4]             ; 2       ;
; decode:Step2|RegFile[19][4]             ; 1       ;
; decode:Step2|RegFile[23][4]             ; 2       ;
; decode:Step2|RegFile[27][4]             ; 1       ;
; decode:Step2|RegFile[31][4]             ; 2       ;
; Total number of inverted registers = 80 ;         ;
+-----------------------------------------+---------+


+--------------------------------------------------------------------------------------------------------------------------------------------+
; Multiplexer Restructuring Statistics (Restructuring Performed)                                                                             ;
+--------------------+-----------+---------------+----------------------+------------------------+------------+------------------------------+
; Multiplexer Inputs ; Bus Width ; Baseline Area ; Area if Restructured ; Saving if Restructured ; Registered ; Example Multiplexer Output   ;
+--------------------+-----------+---------------+----------------------+------------------------+------------+------------------------------+
; 3:1                ; 7 bits    ; 14 LEs        ; 14 LEs               ; 0 LEs                  ; No         ; |wrapper|fetch:Step1|PC      ;
; 3:1                ; 24 bits   ; 48 LEs        ; 48 LEs               ; 0 LEs                  ; No         ; |wrapper|fetch:Step1|PC      ;
; 16:1               ; 32 bits   ; 320 LEs       ; 320 LEs              ; 0 LEs                  ; No         ; |wrapper|decode:Step2|Mux24  ;
; 32:1               ; 32 bits   ; 672 LEs       ; 672 LEs              ; 0 LEs                  ; No         ; |wrapper|decode:Step2|Mux33  ;
; 35:1               ; 32 bits   ; 736 LEs       ; 128 LEs              ; 608 LEs                ; No         ; |wrapper|execute:Step4|Mux44 ;
; 39:1               ; 3 bits    ; 78 LEs        ; 78 LEs               ; 0 LEs                  ; No         ; |wrapper|hexout[0]           ;
; 39:1               ; 5 bits    ; 130 LEs       ; 130 LEs              ; 0 LEs                  ; No         ; |wrapper|hexout[27]          ;
; 39:1               ; 24 bits   ; 624 LEs       ; 600 LEs              ; 24 LEs                 ; No         ; |wrapper|hexout[2]           ;
+--------------------+-----------+---------------+----------------------+------------------------+------------+------------------------------+


+-----------------------------------------------------------+
; Parameter Settings for User Entity Instance: memory:Step5 ;
+----------------+-------------+----------------------------+
; Parameter Name ; Value       ; Type                       ;
+----------------+-------------+----------------------------+
; module_delay   ; 10000000 fs ; Physical                   ;
+----------------+-------------+----------------------------+
Note: In order to hide this table in the UI and the text report file, please set the "Show Parameter Settings in Synthesis Report" option in "Analysis and Synthesis Settings -> More Settings" to "Off".


+-------------------------------+
; Elapsed Time Per Partition    ;
+----------------+--------------+
; Partition Name ; Elapsed Time ;
+----------------+--------------+
; Top            ; 00:00:02     ;
+----------------+--------------+


+-------------------------------+
; Analysis & Synthesis Messages ;
+-------------------------------+
Info: *******************************************************************
Info: Running Quartus II 64-Bit Analysis & Synthesis
    Info: Version 13.1.0 Build 162 10/23/2013 SJ Web Edition
    Info: Processing started: Mon Dec 18 17:10:18 2023
Info: Command: quartus_map --read_settings_files=on --write_settings_files=off lab11 -c lab8
Warning (20028): Parallel compilation is not licensed and has been disabled
Info (12021): Found 2 design units, including 1 entities, in source file decode.vhd
    Info (12022): Found design unit 1: decode-Behavioral
    Info (12023): Found entity 1: decode
Info (12021): Found 2 design units, including 1 entities, in source file fetch.vhd
    Info (12022): Found design unit 1: fetch-bhv
    Info (12023): Found entity 1: fetch
Info (12021): Found 2 design units, including 0 entities, in source file my_components.vhd
    Info (12022): Found design unit 1: my_components
    Info (12022): Found design unit 2: my_components-body
Info (12021): Found 2 design units, including 1 entities, in source file wrapper.vhd
    Info (12022): Found design unit 1: wrapper-behv
    Info (12023): Found entity 1: wrapper
Info (12021): Found 2 design units, including 1 entities, in source file control.vhd
    Info (12022): Found design unit 1: control-behv
    Info (12023): Found entity 1: control
Info (12021): Found 2 design units, including 1 entities, in source file memory.vhd
    Info (12022): Found design unit 1: memory-behv
    Info (12023): Found entity 1: memory
Info (12021): Found 2 design units, including 1 entities, in source file execute.vhd
    Info (12022): Found design unit 1: execute-behv
    Info (12023): Found entity 1: execute
Info (12127): Elaborating entity "wrapper" for the top level hierarchy
Info (10041): Inferred latch for "hexout[0]" at wrapper.vhd(121)
Info (10041): Inferred latch for "hexout[1]" at wrapper.vhd(121)
Info (10041): Inferred latch for "hexout[2]" at wrapper.vhd(121)
Info (10041): Inferred latch for "hexout[3]" at wrapper.vhd(121)
Info (10041): Inferred latch for "hexout[4]" at wrapper.vhd(121)
Info (10041): Inferred latch for "hexout[5]" at wrapper.vhd(121)
Info (10041): Inferred latch for "hexout[6]" at wrapper.vhd(121)
Info (10041): Inferred latch for "hexout[7]" at wrapper.vhd(121)
Info (10041): Inferred latch for "hexout[8]" at wrapper.vhd(121)
Info (10041): Inferred latch for "hexout[9]" at wrapper.vhd(121)
Info (10041): Inferred latch for "hexout[10]" at wrapper.vhd(121)
Info (10041): Inferred latch for "hexout[11]" at wrapper.vhd(121)
Info (10041): Inferred latch for "hexout[12]" at wrapper.vhd(121)
Info (10041): Inferred latch for "hexout[13]" at wrapper.vhd(121)
Info (10041): Inferred latch for "hexout[14]" at wrapper.vhd(121)
Info (10041): Inferred latch for "hexout[15]" at wrapper.vhd(121)
Info (10041): Inferred latch for "hexout[16]" at wrapper.vhd(121)
Info (10041): Inferred latch for "hexout[17]" at wrapper.vhd(121)
Info (10041): Inferred latch for "hexout[18]" at wrapper.vhd(121)
Info (10041): Inferred latch for "hexout[19]" at wrapper.vhd(121)
Info (10041): Inferred latch for "hexout[20]" at wrapper.vhd(121)
Info (10041): Inferred latch for "hexout[21]" at wrapper.vhd(121)
Info (10041): Inferred latch for "hexout[22]" at wrapper.vhd(121)
Info (10041): Inferred latch for "hexout[23]" at wrapper.vhd(121)
Info (10041): Inferred latch for "hexout[24]" at wrapper.vhd(121)
Info (10041): Inferred latch for "hexout[25]" at wrapper.vhd(121)
Info (10041): Inferred latch for "hexout[26]" at wrapper.vhd(121)
Info (10041): Inferred latch for "hexout[27]" at wrapper.vhd(121)
Info (10041): Inferred latch for "hexout[28]" at wrapper.vhd(121)
Info (10041): Inferred latch for "hexout[29]" at wrapper.vhd(121)
Info (10041): Inferred latch for "hexout[30]" at wrapper.vhd(121)
Info (10041): Inferred latch for "hexout[31]" at wrapper.vhd(121)
Info (12128): Elaborating entity "fetch" for hierarchy "fetch:Step1"
Info (12128): Elaborating entity "decode" for hierarchy "decode:Step2"
Info (12128): Elaborating entity "control" for hierarchy "control:Step3"
Info (12128): Elaborating entity "execute" for hierarchy "execute:Step4"
Warning (10492): VHDL Process Statement warning at execute.vhd(29): signal "ALUSrc" is read inside the Process Statement but isn't in the Process Statement's sensitivity list
Warning (10492): VHDL Process Statement warning at execute.vhd(30): signal "register_rt" is read inside the Process Statement but isn't in the Process Statement's sensitivity list
Warning (10492): VHDL Process Statement warning at execute.vhd(32): signal "immediate" is read inside the Process Statement but isn't in the Process Statement's sensitivity list
Warning (10492): VHDL Process Statement warning at execute.vhd(36): signal "ALUOp" is read inside the Process Statement but isn't in the Process Statement's sensitivity list
Warning (10492): VHDL Process Statement warning at execute.vhd(38): signal "register_rs" is read inside the Process Statement but isn't in the Process Statement's sensitivity list
Warning (10492): VHDL Process Statement warning at execute.vhd(42): signal "register_rs" is read inside the Process Statement but isn't in the Process Statement's sensitivity list
Warning (10492): VHDL Process Statement warning at execute.vhd(42): signal "register_rt" is read inside the Process Statement but isn't in the Process Statement's sensitivity list
Warning (10492): VHDL Process Statement warning at execute.vhd(51): signal "immediate" is read inside the Process Statement but isn't in the Process Statement's sensitivity list
Warning (10492): VHDL Process Statement warning at execute.vhd(53): signal "register_rs" is read inside the Process Statement but isn't in the Process Statement's sensitivity list
Warning (10492): VHDL Process Statement warning at execute.vhd(55): signal "register_rs" is read inside the Process Statement but isn't in the Process Statement's sensitivity list
Warning (10492): VHDL Process Statement warning at execute.vhd(55): signal "register_rt" is read inside the Process Statement but isn't in the Process Statement's sensitivity list
Warning (10492): VHDL Process Statement warning at execute.vhd(65): signal "immediate" is read inside the Process Statement but isn't in the Process Statement's sensitivity list
Warning (10492): VHDL Process Statement warning at execute.vhd(67): signal "beq_control" is read inside the Process Statement but isn't in the Process Statement's sensitivity list
Warning (10631): VHDL Process Statement warning at execute.vhd(24): inferring latch(es) for signal or variable "zero", which holds its previous value in one or more paths through the process
Info (10041): Inferred latch for "zero" at execute.vhd(24)
Info (12128): Elaborating entity "memory" for hierarchy "memory:Step5"
Warning (10492): VHDL Process Statement warning at memory.vhd(25): signal "write_data" is read inside the Process Statement but isn't in the Process Statement's sensitivity list
Warning (10631): VHDL Process Statement warning at memory.vhd(30): inferring latch(es) for signal or variable "readData", which holds its previous value in one or more paths through the process
Info (10041): Inferred latch for "datamem_Read:readData[0]" at memory.vhd(34)
Info (10041): Inferred latch for "datamem_Read:readData[1]" at memory.vhd(34)
Info (10041): Inferred latch for "datamem_Read:readData[2]" at memory.vhd(34)
Info (10041): Inferred latch for "datamem_Read:readData[3]" at memory.vhd(34)
Info (10041): Inferred latch for "datamem_Read:readData[4]" at memory.vhd(34)
Info (10041): Inferred latch for "datamem_Read:readData[5]" at memory.vhd(34)
Info (10041): Inferred latch for "datamem_Read:readData[6]" at memory.vhd(34)
Info (10041): Inferred latch for "datamem_Read:readData[7]" at memory.vhd(34)
Info (10041): Inferred latch for "datamem_Read:readData[8]" at memory.vhd(34)
Info (10041): Inferred latch for "datamem_Read:readData[9]" at memory.vhd(34)
Info (10041): Inferred latch for "datamem_Read:readData[10]" at memory.vhd(34)
Info (10041): Inferred latch for "datamem_Read:readData[11]" at memory.vhd(34)
Info (10041): Inferred latch for "datamem_Read:readData[12]" at memory.vhd(34)
Info (10041): Inferred latch for "datamem_Read:readData[13]" at memory.vhd(34)
Info (10041): Inferred latch for "datamem_Read:readData[14]" at memory.vhd(34)
Info (10041): Inferred latch for "datamem_Read:readData[15]" at memory.vhd(34)
Info (10041): Inferred latch for "datamem_Read:readData[16]" at memory.vhd(34)
Info (10041): Inferred latch for "datamem_Read:readData[17]" at memory.vhd(34)
Info (10041): Inferred latch for "datamem_Read:readData[18]" at memory.vhd(34)
Info (10041): Inferred latch for "datamem_Read:readData[19]" at memory.vhd(34)
Info (10041): Inferred latch for "datamem_Read:readData[20]" at memory.vhd(34)
Info (10041): Inferred latch for "datamem_Read:readData[21]" at memory.vhd(34)
Info (10041): Inferred latch for "datamem_Read:readData[22]" at memory.vhd(34)
Info (10041): Inferred latch for "datamem_Read:readData[23]" at memory.vhd(34)
Info (10041): Inferred latch for "datamem_Read:readData[24]" at memory.vhd(34)
Info (10041): Inferred latch for "datamem_Read:readData[25]" at memory.vhd(34)
Info (10041): Inferred latch for "datamem_Read:readData[26]" at memory.vhd(34)
Info (10041): Inferred latch for "datamem_Read:readData[27]" at memory.vhd(34)
Info (10041): Inferred latch for "datamem_Read:readData[28]" at memory.vhd(34)
Info (10041): Inferred latch for "datamem_Read:readData[29]" at memory.vhd(34)
Info (10041): Inferred latch for "datamem_Read:readData[30]" at memory.vhd(34)
Info (10041): Inferred latch for "datamem_Read:readData[31]" at memory.vhd(34)
Info (276014): Found 1 instances of uninferred RAM logic
    Info (276004): RAM logic "fetch:Step1|mem" is uninferred due to inappropriate RAM size
Warning (14026): LATCH primitive "hexout[3]" is permanently enabled
Warning (14026): LATCH primitive "hexout[2]" is permanently enabled
Warning (14026): LATCH primitive "hexout[1]" is permanently enabled
Warning (14026): LATCH primitive "hexout[0]" is permanently enabled
Warning (14026): LATCH primitive "hexout[7]" is permanently enabled
Warning (14026): LATCH primitive "hexout[6]" is permanently enabled
Warning (14026): LATCH primitive "hexout[5]" is permanently enabled
Warning (14026): LATCH primitive "hexout[4]" is permanently enabled
Warning (14026): LATCH primitive "hexout[11]" is permanently enabled
Warning (14026): LATCH primitive "hexout[10]" is permanently enabled
Warning (14026): LATCH primitive "hexout[9]" is permanently enabled
Warning (14026): LATCH primitive "hexout[8]" is permanently enabled
Warning (14026): LATCH primitive "hexout[15]" is permanently enabled
Warning (14026): LATCH primitive "hexout[14]" is permanently enabled
Warning (14026): LATCH primitive "hexout[13]" is permanently enabled
Warning (14026): LATCH primitive "hexout[12]" is permanently enabled
Warning (14026): LATCH primitive "hexout[19]" is permanently enabled
Warning (14026): LATCH primitive "hexout[18]" is permanently enabled
Warning (14026): LATCH primitive "hexout[17]" is permanently enabled
Warning (14026): LATCH primitive "hexout[16]" is permanently enabled
Warning (14026): LATCH primitive "hexout[23]" is permanently enabled
Warning (14026): LATCH primitive "hexout[22]" is permanently enabled
Warning (14026): LATCH primitive "hexout[21]" is permanently enabled
Warning (14026): LATCH primitive "hexout[20]" is permanently enabled
Warning (14026): LATCH primitive "hexout[27]" is permanently enabled
Warning (14026): LATCH primitive "hexout[26]" is permanently enabled
Warning (14026): LATCH primitive "hexout[25]" is permanently enabled
Warning (14026): LATCH primitive "hexout[24]" is permanently enabled
Warning (14026): LATCH primitive "hexout[31]" is permanently enabled
Warning (14026): LATCH primitive "hexout[30]" is permanently enabled
Warning (14026): LATCH primitive "hexout[29]" is permanently enabled
Warning (14026): LATCH primitive "hexout[28]" is permanently enabled
Warning (13012): Latch memory:Step5|\datamem_Read:readData[0] has unsafe behavior
    Warning (13013): Ports D and ENA on the latch are fed by the same signal TOP_reset
Warning (13012): Latch memory:Step5|\datamem_Read:readData[1] has unsafe behavior
    Warning (13013): Ports D and ENA on the latch are fed by the same signal TOP_reset
Warning (13012): Latch memory:Step5|\datamem_Read:readData[2] has unsafe behavior
    Warning (13013): Ports D and ENA on the latch are fed by the same signal TOP_reset
Warning (13012): Latch memory:Step5|\datamem_Read:readData[3] has unsafe behavior
    Warning (13013): Ports D and ENA on the latch are fed by the same signal TOP_reset
Warning (13012): Latch memory:Step5|\datamem_Read:readData[4] has unsafe behavior
    Warning (13013): Ports D and ENA on the latch are fed by the same signal TOP_reset
Warning (13012): Latch memory:Step5|\datamem_Read:readData[5] has unsafe behavior
    Warning (13013): Ports D and ENA on the latch are fed by the same signal TOP_reset
Warning (13012): Latch memory:Step5|\datamem_Read:readData[6] has unsafe behavior
    Warning (13013): Ports D and ENA on the latch are fed by the same signal TOP_reset
Warning (13012): Latch memory:Step5|\datamem_Read:readData[7] has unsafe behavior
    Warning (13013): Ports D and ENA on the latch are fed by the same signal TOP_reset
Warning (13012): Latch memory:Step5|\datamem_Read:readData[8] has unsafe behavior
    Warning (13013): Ports D and ENA on the latch are fed by the same signal TOP_reset
Warning (13012): Latch memory:Step5|\datamem_Read:readData[9] has unsafe behavior
    Warning (13013): Ports D and ENA on the latch are fed by the same signal TOP_reset
Warning (13012): Latch memory:Step5|\datamem_Read:readData[10] has unsafe behavior
    Warning (13013): Ports D and ENA on the latch are fed by the same signal TOP_reset
Warning (13012): Latch memory:Step5|\datamem_Read:readData[11] has unsafe behavior
    Warning (13013): Ports D and ENA on the latch are fed by the same signal TOP_reset
Warning (13012): Latch memory:Step5|\datamem_Read:readData[12] has unsafe behavior
    Warning (13013): Ports D and ENA on the latch are fed by the same signal TOP_reset
Warning (13012): Latch memory:Step5|\datamem_Read:readData[13] has unsafe behavior
    Warning (13013): Ports D and ENA on the latch are fed by the same signal TOP_reset
Warning (13012): Latch memory:Step5|\datamem_Read:readData[14] has unsafe behavior
    Warning (13013): Ports D and ENA on the latch are fed by the same signal TOP_reset
Warning (13012): Latch memory:Step5|\datamem_Read:readData[15] has unsafe behavior
    Warning (13013): Ports D and ENA on the latch are fed by the same signal TOP_reset
Warning (13012): Latch memory:Step5|\datamem_Read:readData[16] has unsafe behavior
    Warning (13013): Ports D and ENA on the latch are fed by the same signal TOP_reset
Warning (13012): Latch memory:Step5|\datamem_Read:readData[17] has unsafe behavior
    Warning (13013): Ports D and ENA on the latch are fed by the same signal TOP_reset
Warning (13012): Latch memory:Step5|\datamem_Read:readData[18] has unsafe behavior
    Warning (13013): Ports D and ENA on the latch are fed by the same signal TOP_reset
Warning (13012): Latch memory:Step5|\datamem_Read:readData[19] has unsafe behavior
    Warning (13013): Ports D and ENA on the latch are fed by the same signal TOP_reset
Warning (13012): Latch memory:Step5|\datamem_Read:readData[20] has unsafe behavior
    Warning (13013): Ports D and ENA on the latch are fed by the same signal TOP_reset
Warning (13012): Latch memory:Step5|\datamem_Read:readData[21] has unsafe behavior
    Warning (13013): Ports D and ENA on the latch are fed by the same signal TOP_reset
Warning (13012): Latch memory:Step5|\datamem_Read:readData[22] has unsafe behavior
    Warning (13013): Ports D and ENA on the latch are fed by the same signal TOP_reset
Warning (13012): Latch memory:Step5|\datamem_Read:readData[23] has unsafe behavior
    Warning (13013): Ports D and ENA on the latch are fed by the same signal TOP_reset
Warning (13012): Latch memory:Step5|\datamem_Read:readData[24] has unsafe behavior
    Warning (13013): Ports D and ENA on the latch are fed by the same signal TOP_reset
Warning (13012): Latch memory:Step5|\datamem_Read:readData[25] has unsafe behavior
    Warning (13013): Ports D and ENA on the latch are fed by the same signal TOP_reset
Warning (13012): Latch memory:Step5|\datamem_Read:readData[26] has unsafe behavior
    Warning (13013): Ports D and ENA on the latch are fed by the same signal TOP_reset
Warning (13012): Latch memory:Step5|\datamem_Read:readData[27] has unsafe behavior
    Warning (13013): Ports D and ENA on the latch are fed by the same signal TOP_reset
Warning (13012): Latch memory:Step5|\datamem_Read:readData[28] has unsafe behavior
    Warning (13013): Ports D and ENA on the latch are fed by the same signal TOP_reset
Warning (13012): Latch memory:Step5|\datamem_Read:readData[29] has unsafe behavior
    Warning (13013): Ports D and ENA on the latch are fed by the same signal TOP_reset
Warning (13012): Latch memory:Step5|\datamem_Read:readData[30] has unsafe behavior
    Warning (13013): Ports D and ENA on the latch are fed by the same signal TOP_reset
Warning (13012): Latch memory:Step5|\datamem_Read:readData[31] has unsafe behavior
    Warning (13013): Ports D and ENA on the latch are fed by the same signal TOP_reset
Info (286030): Timing-Driven Synthesis is running
Info (17049): 2 registers lost all their fanouts during netlist optimizations.
Info (16010): Generating hard_block partition "hard_block:auto_generated_inst"
    Info (16011): Adding 0 node(s), including 0 DDIO, 0 PLL, 0 transceiver and 0 LCELL
Info (21057): Implemented 3017 device resources after synthesis - the final resource count might be different
    Info (21058): Implemented 5 input pins
    Info (21059): Implemented 92 output pins
    Info (21061): Implemented 2920 logic cells
Info: Quartus II 64-Bit Analysis & Synthesis was successful. 0 errors, 113 warnings
    Info: Peak virtual memory: 4703 megabytes
    Info: Processing ended: Mon Dec 18 17:10:22 2023
    Info: Elapsed time: 00:00:04
    Info: Total CPU time (on all processors): 00:00:04


