Flow report for lab8
Mon Dec 18 17:14:26 2023
Quartus II 64-Bit Version 13.1.0 Build 162 10/23/2013 SJ Web Edition


---------------------
; Table of Contents ;
---------------------
  1. Legal Notice
  2. Flow Summary
  3. Flow Settings
  4. Flow Non-Default Global Settings
  5. Flow Elapsed Time
  6. Flow OS Summary
  7. Flow Log
  8. Flow Messages
  9. Flow Suppressed Messages



----------------
; Legal Notice ;
----------------
Copyright (C) 1991-2013 Altera Corporation
Your use of Altera Corporation's design tools, logic functions 
and other software and tools, and its AMPP partner logic 
functions, and any output files from any of the foregoing 
(including device programming or simulation files), and any 
associated documentation or information are expressly subject 
to the terms and conditions of the Altera Program License 
Subscription Agreement, Altera MegaCore Function License 
Agreement, or other applicable license agreement, including, 
without limitation, that your use is for the sole purpose of 
programming logic devices manufactured by Altera and sold by 
Altera or its authorized distributors.  Please refer to the 
applicable agreement for further details.



+------------------------------------------------------------------------------+
; Flow Summary                                                                 ;
+---------------------------------+--------------------------------------------+
; Flow Status                     ; Successful - Mon Dec 18 17:14:26 2023      ;
; Quartus II 64-Bit Version       ; 13.1.0 Build 162 10/23/2013 SJ Web Edition ;
; Revision Name                   ; lab8                                       ;
; Top-level Entity Name           ; wrapper                                    ;
; Family                          ; Cyclone V                                  ;
; Device                          ; 5CSEMA5F31C6                               ;
; Timing Models                   ; Preliminary                                ;
; Logic utilization (in ALMs)     ; 1,448 / 32,070 ( 5 % )                     ;
; Total registers                 ; 1106                                       ;
; Total pins                      ; 97 / 457 ( 21 % )                          ;
; Total virtual pins              ; 0                                          ;
; Total block memory bits         ; 0 / 4,065,280 ( 0 % )                      ;
; Total DSP Blocks                ; 0 / 87 ( 0 % )                             ;
; Total HSSI RX PCSs              ; 0                                          ;
; Total HSSI PMA RX Deserializers ; 0                                          ;
; Total HSSI TX PCSs              ; 0                                          ;
; Total HSSI TX Channels          ; 0                                          ;
; Total PLLs                      ; 0 / 6 ( 0 % )                              ;
; Total DLLs                      ; 0 / 4 ( 0 % )                              ;
+---------------------------------+--------------------------------------------+


+-----------------------------------------+
; Flow Settings                           ;
+-------------------+---------------------+
; Option            ; Setting             ;
+-------------------+---------------------+
; Start date & time ; 12/18/2023 17:10:18 ;
; Main task         ; Compilation         ;
; Revision Name     ; lab8                ;
+-------------------+---------------------+


+---------------------------------------------------------------------------------------------------------------------------+
; Flow Non-Default Global Settings                                                                                          ;
+-------------------------------------+--------------------------------------+---------------+-------------+----------------+
; Assignment Name                     ; Value                                ; Default Value ; Entity Name ; Section Id     ;
+-------------------------------------+--------------------------------------+---------------+-------------+----------------+
; COMPILER_SIGNATURE_ID               ; 154946511186067.170290141812556      ; --            ; --          ; --             ;
; EDA_GENERATE_FUNCTIONAL_NETLIST     ; On                                   ; --            ; --          ; eda_simulation ;
; EDA_NETLIST_WRITER_OUTPUT_DIR       ; D:/FA21BCE006/Lab11/simulation/qsim/ ; --            ; --          ; eda_simulation ;
; EDA_OUTPUT_DATA_FORMAT              ; Verilog Hdl                          ; --            ; --          ; eda_simulation ;
; EDA_SIMULATION_TOOL                 ; ModelSim-Altera (Verilog)            ; <None>        ; --          ; --             ;
; MAX_CORE_JUNCTION_TEMP              ; 85                                   ; --            ; --          ; --             ;
; MIN_CORE_JUNCTION_TEMP              ; 0                                    ; --            ; --          ; --             ;
; PARTITION_COLOR                     ; 16764057                             ; --            ; wrapper     ; Top            ;
; PARTITION_FITTER_PRESERVATION_LEVEL ; PLACEMENT_AND_ROUTING                ; --            ; wrapper     ; Top            ;
; PARTITION_NETLIST_TYPE              ; SOURCE                               ; --            ; wrapper     ; Top            ;
; PROJECT_OUTPUT_DIRECTORY            ; output_files                         ; --            ; --          ; --             ;
; TOP_LEVEL_ENTITY                    ; wrapper                              ; lab8          ; --          ; --             ;
+-------------------------------------+--------------------------------------+---------------+-------------+----------------+


+-------------------------------------------------------------------------------------------------------------------------------+
; Flow Elapsed Time                                                                                                             ;
+---------------------------+--------------+-------------------------+---------------------+------------------------------------+
; Module Name               ; Elapsed Time ; Average Processors Used ; Peak Virtual Memory ; Total CPU Time (on all processors) ;
+---------------------------+--------------+-------------------------+---------------------+------------------------------------+
; Analysis & Synthesis      ; 00:00:03     ; 1.0                     ; 4703 MB             ; 00:00:04                           ;
; Fitter                    ; 00:03:25     ; 1.0                     ; 5625 MB             ; 00:03:26                           ;
; Assembler                 ; 00:00:10     ; 1.0                     ; 4779 MB             ; 00:00:10                           ;
; TimeQuest Timing Analyzer ; 00:00:21     ; 1.0                     ; 4976 MB             ; 00:00:20                           ;
; EDA Netlist Writer        ; 00:00:02     ; 1.0                     ; 4640 MB             ; 00:00:02                           ;
; Total                     ; 00:04:01     ; --                      ; --                  ; 00:04:02                           ;
+---------------------------+--------------+-------------------------+---------------------+------------------------------------+


+----------------------------------------------------------------------------------------+
; Flow OS Summary                                                                        ;
+---------------------------+------------------+-----------+------------+----------------+
; Module Name               ; Machine Hostname ; OS Name   ; OS Version ; Processor type ;
+---------------------------+------------------+-----------+------------+----------------+
; Analysis & Synthesis      ; DESKTOP-7IOPIVB  ; Windows 7 ; 6.2        ; x86_64         ;
; Fitter                    ; DESKTOP-7IOPIVB  ; Windows 7 ; 6.2        ; x86_64         ;
; Assembler                 ; DESKTOP-7IOPIVB  ; Windows 7 ; 6.2        ; x86_64         ;
; TimeQuest Timing Analyzer ; DESKTOP-7IOPIVB  ; Windows 7 ; 6.2        ; x86_64         ;
; EDA Netlist Writer        ; DESKTOP-7IOPIVB  ; Windows 7 ; 6.2        ; x86_64         ;
+---------------------------+------------------+-----------+------------+----------------+


------------
; Flow Log ;
------------
quartus_map --read_settings_files=on --write_settings_files=off lab11 -c lab8
quartus_fit --read_settings_files=off --write_settings_files=off lab11 -c lab8
quartus_asm --read_settings_files=off --write_settings_files=off lab11 -c lab8
quartus_sta lab11 -c lab8
quartus_eda --read_settings_files=off --write_settings_files=off lab11 -c lab8



